<?xml version="1.0" encoding="UTF-8"?>
<!-- Generated by org.testng.reporters.JUnitXMLReporter -->
<testsuite hostname="Techs-iMac.local.tld" ignored="2" name="All Functionalities" tests="14" failures="0" timestamp="2023-01-22T15:51:41 CST" time="116.76" errors="0">
  <testcase name="validateCheckboxes" time="1.417" classname="scripts.TechGlobalCheckBoxTest"/>
  <testcase name="validateCheckboxes2" time="1.331" classname="scripts.TechGlobalCheckBoxTest"/>
  <testcase name="dynamicElementsTest" time="1.078" classname="scripts.TechGlobalDynamicElementsTest"/>
  <testcase name="validateFrontendTestingURL" time="0.725" classname="scripts.TechGlobalFrontendTestingHomeTest"/>
  <testcase name="validateTechGlobalHeaderDropdownOptions" time="0.486" classname="scripts.TechGlobalHeaderTest"/>
  <testcase name="languageRadioButtons" time="1.316" classname="scripts.TechGlobalRadioButtonsTest"/>
  <testcase name="toolsRadioButtons" time="1.388" classname="scripts.TechGlobalRadioButtonsTest"/>
  <testcase name="validateRedBox" time="36.153" classname="scripts.TechGlobalWaitsTest"/>
  <testcase name="selectDeliveryOption" time="0.181" classname="scripts.TechGlobalDropdownsTest"/>
  <testcase name="selectProductOption" time="0.123" classname="scripts.TechGlobalDropdownsTest"/>
  <testcase name="selectColorOption" time="0.139" classname="scripts.TechGlobalDropdownsTest"/>
  <testcase name="validateTheItemSelected" time="5.469" classname="scripts.TechGlobalDropdownsTest"/>
  <testcase name="validateTheAppleLink" time="1.773" classname="scripts.TechGlobalMultipleWindowsTest"/>
  <testcase name="validateLinkURLs" time="6.326" classname="scripts.TechGlobalMultipleWindowsTest"/>
  <testcase name="validateFrontendTestingCards" time="0.0" classname="scripts.TechGlobalFrontendTestingHomeTest">
    <ignored/>
  </testcase> <!-- validateFrontendTestingCards -->
  <testcase name="validateTechGlobalHeaderDropdown" time="0.0" classname="scripts.TechGlobalHeaderTest">
    <ignored/>
  </testcase> <!-- validateTechGlobalHeaderDropdown -->
</testsuite> <!-- All Functionalities -->
