<?xml version="1.0" encoding="UTF-8"?>
<!-- Generated by org.testng.reporters.JUnitXMLReporter -->
<testsuite hostname="Techs-iMac.local.tld" ignored="2" name="All Functionalities" tests="8" failures="0" timestamp="2023-01-22T11:14:46 CST" time="73.781" errors="0">
  <testcase name="validateCheckboxes" time="1.339" classname="scripts.TechGlobalCheckBoxTest"/>
  <testcase name="validateCheckboxes2" time="1.314" classname="scripts.TechGlobalCheckBoxTest"/>
  <testcase name="dynamicElementsTest" time="0.97" classname="scripts.TechGlobalDynamicElementsTest"/>
  <testcase name="validateFrontendTestingURL" time="0.72" classname="scripts.TechGlobalFrontendTestingHomeTest"/>
  <testcase name="validateTechGlobalHeaderDropdownOptions" time="0.419" classname="scripts.TechGlobalHeaderTest"/>
  <testcase name="languageRadioButtons" time="1.325" classname="scripts.TechGlobalRadioButtonsTest"/>
  <testcase name="toolsRadioButtons" time="1.275" classname="scripts.TechGlobalRadioButtonsTest"/>
  <testcase name="validateRedBox" time="36.336" classname="scripts.TechGlobalWaitsTest"/>
  <testcase name="validateFrontendTestingCards" time="0.0" classname="scripts.TechGlobalFrontendTestingHomeTest">
    <ignored/>
  </testcase> <!-- validateFrontendTestingCards -->
  <testcase name="validateTechGlobalHeaderDropdown" time="0.0" classname="scripts.TechGlobalHeaderTest">
    <ignored/>
  </testcase> <!-- validateTechGlobalHeaderDropdown -->
</testsuite> <!-- All Functionalities -->
